<?xml version="1.0" encoding="UTF-8"?>
<!-- Generated by org.testng.reporters.JUnitReportReporter -->
<testsuite hostname="VTIPL-C-PC903-L" failures="0" tests="1" name="Academy.validateNavigationBar" time="0.041" errors="0" timestamp="2022-03-19T00:36:15 IST" skipped="0">
  <testcase classname="Academy.validateNavigationBar" name="validateAppNavBar" time="0.041"/>
  <system-out/>
</testsuite> <!-- Academy.validateNavigationBar -->
