<?xml version="1.0" encoding="UTF-8"?>
<!-- Generated by org.testng.reporters.JUnitReportReporter -->
<testsuite hostname="VTIPL-C-PC903-L" failures="0" tests="2" name="Academy.HomePage" time="54.975" errors="0" timestamp="2022-03-19T00:36:15 IST" skipped="0">
  <testcase classname="Academy.HomePage" name="basePageNavigation" time="21.940"/>
  <system-out/>
  <testcase classname="Academy.HomePage" name="basePageNavigation" time="33.035"/>
  <system-out/>
</testsuite> <!-- Academy.HomePage -->
