<?xml version="1.0" encoding="UTF-8"?>
<!-- Generated by org.testng.reporters.JUnitReportReporter -->
<testsuite hostname="VTIPL-C-PC903-L" name="Academy.HomePage" tests="2" failures="0" timestamp="13 Mar 2022 05:31:58 GMT" time="48.648" errors="0">
  <testcase name="basePageNavigation" time="18.184" classname="Academy.HomePage"/>
  <testcase name="basePageNavigation" time="30.464" classname="Academy.HomePage"/>
</testsuite> <!-- Academy.HomePage -->
