<?xml version="1.0" encoding="UTF-8"?>
<!-- Generated by org.testng.reporters.JUnitReportReporter -->
<testsuite hostname="VTIPL-C-PC903-L" name="Academy.validateNavigationBar" tests="1" failures="0" timestamp="13 Mar 2022 05:31:58 GMT" time="0.090" errors="0">
  <testcase name="validateAppNavBar" time="0.090" classname="Academy.validateNavigationBar"/>
</testsuite> <!-- Academy.validateNavigationBar -->
